[16/04/2026 12:18:08,00] Inicio do ETL noturno 
ETL_DIR=D:\projetos\frontend\etl 
NPM_CMD=D:\nodejs\npm.cmd 
 
[16/04/2026 12:18:08,02] STEP APC Polanco SQL - INICIO 

> varadouro-etl@1.0.0 apc-polanco
> ts-node jobs/apc-combustivel-polanco.ts

[2026-04-16T17:18:10.221Z] Iniciando ETL: apc_combustivel_polanco
  -> Database=APC Proc=dbo.sp_carga_tb_despesa_combustivel_polanco Modo=INCREMENTAL Dias=90
  -> total_linhas=61560
  -> controle=id:5 status:SUCESSO qtd_staging:401 qtd_final:401
  OK - APC Polanco concluido em 17479ms
[16/04/2026 12:18:27,75] STEP APC Polanco SQL - OK 
 
[16/04/2026 12:18:27,76] STEP APC para Supabase - INICIO 

> varadouro-etl@1.0.0 apc-polanco-sync-supabase
> ts-node jobs/apc-polanco-sync-supabase.ts

[2026-04-16T17:18:32.508Z] Iniciando ETL: apc_polanco_sync_supabase
  -> Fonte SQL: APC.dbo.tb_despesa_combustivel_polanco
  -> Destino Supabase: tb_despesa_combustivel_polanco
  -> Total na fonte SQL: 61560
  -> Limpando tabela de destino...
  -> Progresso: 2000/61560
  -> Progresso: 4000/61560
  -> Progresso: 6000/61560
  -> Progresso: 8000/61560
  -> Progresso: 10000/61560
  -> Progresso: 12000/61560
  -> Progresso: 14000/61560
  -> Progresso: 16000/61560
  -> Progresso: 18000/61560
  -> Progresso: 20000/61560
  -> Progresso: 22000/61560
  -> Progresso: 24000/61560
  -> Progresso: 26000/61560
  -> Progresso: 28000/61560
  -> Progresso: 30000/61560
  -> Progresso: 32000/61560
  -> Progresso: 34000/61560
  -> Progresso: 36000/61560
  -> Progresso: 38000/61560
  -> Progresso: 40000/61560
  -> Progresso: 42000/61560
  -> Progresso: 44000/61560
  -> Progresso: 46000/61560
  -> Progresso: 48000/61560
  -> Progresso: 50000/61560
  -> Progresso: 52000/61560
  -> Progresso: 54000/61560
  -> Progresso: 56000/61560
  -> Progresso: 58000/61560
  -> Progresso: 60000/61560
  -> Progresso: 61560/61560
  OK - Sync concluido em 36235ms (61560 registros)
[16/04/2026 12:19:08,99] STEP APC para Supabase - OK 
 
[16/04/2026 12:19:09,00] STEP Dimensoes CSV - INICIO 

> varadouro-etl@1.0.0 dimensoes
> ts-node jobs/dimensoes-csv.ts

[2026-04-16T17:19:13.145Z] Iniciando ETL: dimensoes_csv
  -> Lendo arquivos CSV...
  -> UF: delimiter=; encoding=utf8 rows=27
  -> Municipio: delimiter=; encoding=utf8 rows=5571
  -> Ente: delimiter=; encoding=utf8 rows=24
  -> Entidade: delimiter=; encoding=utf8 rows=236
  -> Registros parseados: uf=27 municipio=5571 ente=24 entidade=236
  -> Exemplos normalizacao: "17,00" => "1700", "23.111" => "23111", "1200401" => "1200401"
  -> Atualizando Supabase (refresh completo por dimensao)...
  OK - Dimensoes carregadas em 2702ms (5858 registros)
[16/04/2026 12:19:16,00] STEP Dimensoes CSV - OK 
 
[16/04/2026 12:19:16,01] STEP Combustivel NFe - INICIO 

> varadouro-etl@1.0.0 combustivel
> ts-node jobs/combustivel.ts

[2026-04-16T17:19:19.596Z] Iniciando ETL: combustivel
  → Consultando SQL Server...
  → Registros: mensal=3507 | entidade=81 | tipo=8 | emitente=153
  → Atualizando Supabase...
  ✓ Concluído em 6567ms — 3749 registros gravados
[16/04/2026 12:19:26,32] STEP Combustivel NFe - OK 
[16/04/2026 12:19:26,33] FIM COM SUCESSO 
